<?xml version="1.0" encoding="UTF-8"?>
<coverage generated="1650576878133" clover="3.2.0">
  <project timestamp="1650576878133" name="All files">
    <metrics statements="127" coveredstatements="118" conditionals="37" coveredconditionals="29" methods="19" coveredmethods="16" elements="183" coveredelements="163" complexity="0" loc="127" ncloc="127" packages="1" files="1" classes="1"/>
    <file name="index.js" path="/Users/exerra/Desktop/Code/Github/NPMPackages/eklase-wrapper/index.js">
      <metrics statements="127" coveredstatements="118" conditionals="37" coveredconditionals="29" methods="19" coveredmethods="16"/>
      <line num="1" count="1" type="stmt"/>
      <line num="2" count="1" type="stmt"/>
      <line num="4" count="1" type="stmt"/>
      <line num="9" count="1" type="stmt"/>
      <line num="14" count="1" type="stmt"/>
      <line num="15" count="729" type="stmt"/>
      <line num="16" count="295" type="stmt"/>
      <line num="19" count="729" type="stmt"/>
      <line num="34" count="7" type="cond" truecount="3" falsecount="1"/>
      <line num="35" count="0" type="stmt"/>
      <line num="38" count="7" type="stmt"/>
      <line num="51" count="7" type="stmt"/>
      <line num="67" count="7" type="stmt"/>
      <line num="71" count="7" type="stmt"/>
      <line num="73" count="7" type="stmt"/>
      <line num="77" count="7" type="cond" truecount="1" falsecount="1"/>
      <line num="78" count="0" type="stmt"/>
      <line num="83" count="7" type="stmt"/>
      <line num="89" count="7" type="stmt"/>
      <line num="96" count="3" type="stmt"/>
      <line num="106" count="2" type="stmt"/>
      <line num="116" count="2" type="stmt"/>
      <line num="118" count="2" type="stmt"/>
      <line num="119" count="729" type="stmt"/>
      <line num="121" count="729" type="stmt"/>
      <line num="124" count="2" type="stmt"/>
      <line num="133" count="1" type="stmt"/>
      <line num="135" count="1" type="stmt"/>
      <line num="142" count="7" type="stmt"/>
      <line num="149" count="2" type="stmt"/>
      <line num="151" count="2" type="stmt"/>
      <line num="152" count="2" type="stmt"/>
      <line num="154" count="2" type="stmt"/>
      <line num="155" count="2" type="stmt"/>
      <line num="156" count="2" type="stmt"/>
      <line num="158" count="2" type="stmt"/>
      <line num="160" count="2" type="stmt"/>
      <line num="162" count="2" type="stmt"/>
      <line num="163" count="2" type="stmt"/>
      <line num="165" count="2" type="stmt"/>
      <line num="169" count="2" type="stmt"/>
      <line num="173" count="2" type="stmt"/>
      <line num="175" count="2" type="stmt"/>
      <line num="178" count="2" type="stmt"/>
      <line num="182" count="2" type="stmt"/>
      <line num="184" count="2" type="stmt"/>
      <line num="185" count="2" type="stmt"/>
      <line num="186" count="2" type="cond" truecount="1" falsecount="1"/>
      <line num="189" count="2" type="stmt"/>
      <line num="200" count="2" type="stmt"/>
      <line num="204" count="2" type="stmt"/>
      <line num="214" count="1" type="stmt"/>
      <line num="215" count="1" type="stmt"/>
      <line num="217" count="1" type="cond" truecount="1" falsecount="1"/>
      <line num="219" count="1" type="stmt"/>
      <line num="220" count="1" type="stmt"/>
      <line num="221" count="1" type="stmt"/>
      <line num="222" count="19" type="stmt"/>
      <line num="230" count="19" type="stmt"/>
      <line num="231" count="57" type="stmt"/>
      <line num="232" count="57" type="stmt"/>
      <line num="234" count="57" type="cond" truecount="2" falsecount="0"/>
      <line num="236" count="57" type="cond" truecount="2" falsecount="0"/>
      <line num="237" count="19" type="stmt"/>
      <line num="238" count="19" type="stmt"/>
      <line num="239" count="19" type="cond" truecount="2" falsecount="0"/>
      <line num="240" count="6" type="stmt"/>
      <line num="243" count="44" type="cond" truecount="2" falsecount="0"/>
      <line num="244" count="19" type="cond" truecount="2" falsecount="1"/>
      <line num="246" count="11" type="stmt"/>
      <line num="247" count="11" type="stmt"/>
      <line num="249" count="8" type="stmt"/>
      <line num="250" count="8" type="stmt"/>
      <line num="252" count="0" type="stmt"/>
      <line num="253" count="0" type="stmt"/>
      <line num="258" count="19" type="stmt"/>
      <line num="261" count="1" type="stmt"/>
      <line num="280" count="0" type="stmt"/>
      <line num="303" count="1" type="cond" truecount="1" falsecount="1"/>
      <line num="305" count="1" type="stmt"/>
      <line num="307" count="1" type="stmt"/>
      <line num="308" count="1" type="stmt"/>
      <line num="309" count="5" type="stmt"/>
      <line num="310" count="5" type="stmt"/>
      <line num="311" count="5" type="stmt"/>
      <line num="312" count="37" type="stmt"/>
      <line num="313" count="37" type="stmt"/>
      <line num="314" count="37" type="stmt"/>
      <line num="315" count="37" type="stmt"/>
      <line num="317" count="37" type="stmt"/>
      <line num="332" count="37" type="cond" truecount="2" falsecount="0"/>
      <line num="333" count="20" type="stmt"/>
      <line num="335" count="17" type="stmt"/>
      <line num="338" count="37" type="cond" truecount="1" falsecount="1"/>
      <line num="339" count="37" type="stmt"/>
      <line num="341" count="0" type="stmt"/>
      <line num="344" count="37" type="cond" truecount="2" falsecount="0"/>
      <line num="345" count="2" type="stmt"/>
      <line num="348" count="37" type="cond" truecount="2" falsecount="0"/>
      <line num="349" count="5" type="stmt"/>
      <line num="350" count="5" type="stmt"/>
      <line num="352" count="5" type="stmt"/>
      <line num="353" count="5" type="stmt"/>
      <line num="354" count="5" type="stmt"/>
      <line num="355" count="5" type="stmt"/>
      <line num="357" count="5" type="cond" truecount="1" falsecount="1"/>
      <line num="358" count="0" type="stmt"/>
      <line num="359" count="0" type="stmt"/>
      <line num="361" count="5" type="stmt"/>
      <line num="362" count="5" type="stmt"/>
      <line num="363" count="5" type="stmt"/>
      <line num="364" count="5" type="stmt"/>
      <line num="366" count="5" type="cond" truecount="2" falsecount="0"/>
      <line num="367" count="3" type="stmt"/>
      <line num="369" count="3" type="stmt"/>
      <line num="371" count="3" type="stmt"/>
      <line num="372" count="3" type="stmt"/>
      <line num="374" count="3" type="stmt"/>
      <line num="375" count="3" type="stmt"/>
      <line num="379" count="5" type="stmt"/>
      <line num="380" count="0" type="stmt"/>
      <line num="386" count="5" type="stmt"/>
      <line num="397" count="37" type="stmt"/>
      <line num="405" count="37" type="stmt"/>
      <line num="408" count="5" type="stmt"/>
      <line num="411" count="1" type="stmt"/>
      <line num="415" count="1" type="stmt"/>
    </file>
  </project>
</coverage>
