{"/Users/exerra/Desktop/Code/Github/NPMPackages/eklase-wrapper/index.js": {"path":"/Users/exerra/Desktop/Code/Github/NPMPackages/eklase-wrapper/index.js","statementMap":{"0":{"start":{"line":1,"column":14},"end":{"line":1,"column":30}},"1":{"start":{"line":2,"column":16},"end":{"line":2,"column":34}},"2":{"start":{"line":4,"column":11},"end":{"line":7,"column":1}},"3":{"start":{"line":9,"column":13},"end":{"line":12,"column":1}},"4":{"start":{"line":14,"column":19},"end":{"line":20,"column":1}},"5":{"start":{"line":15,"column":1},"end":{"line":17,"column":2}},"6":{"start":{"line":16,"column":2},"end":{"line":16,"column":102}},"7":{"start":{"line":19,"column":1},"end":{"line":19,"column":12}},"8":{"start":{"line":34,"column":2},"end":{"line":36,"column":3}},"9":{"start":{"line":35,"column":3},"end":{"line":35,"column":45}},"10":{"start":{"line":38,"column":2},"end":{"line":41,"column":3}},"11":{"start":{"line":51,"column":13},"end":{"line":69,"column":4}},"12":{"start":{"line":67,"column":4},"end":{"line":67,"column":23}},"13":{"start":{"line":71,"column":17},"end":{"line":71,"column":46}},"14":{"start":{"line":73,"column":2},"end":{"line":75,"column":3}},"15":{"start":{"line":77,"column":2},"end":{"line":81,"column":10}},"16":{"start":{"line":77,"column":17},"end":{"line":81,"column":10}},"17":{"start":{"line":78,"column":3},"end":{"line":80,"column":5}},"18":{"start":{"line":83,"column":2},"end":{"line":83,"column":13}},"19":{"start":{"line":89,"column":8},"end":{"line":137,"column":2}},"20":{"start":{"line":96,"column":3},"end":{"line":96,"column":135}},"21":{"start":{"line":106,"column":15},"end":{"line":114,"column":11}},"22":{"start":{"line":116,"column":24},"end":{"line":116,"column":26}},"23":{"start":{"line":118,"column":3},"end":{"line":122,"column":4}},"24":{"start":{"line":119,"column":24},"end":{"line":119,"column":46}},"25":{"start":{"line":121,"column":4},"end":{"line":121,"column":38}},"26":{"start":{"line":124,"column":3},"end":{"line":124,"column":24}},"27":{"start":{"line":133,"column":17},"end":{"line":133,"column":41}},"28":{"start":{"line":135,"column":3},"end":{"line":135,"column":38}},"29":{"start":{"line":142,"column":8},"end":{"line":294,"column":2}},"30":{"start":{"line":149,"column":23},"end":{"line":149,"column":25}},"31":{"start":{"line":151,"column":28},"end":{"line":151,"column":128}},"32":{"start":{"line":152,"column":22},"end":{"line":152,"column":105}},"33":{"start":{"line":154,"column":13},"end":{"line":154,"column":37}},"34":{"start":{"line":155,"column":3},"end":{"line":202,"column":5}},"35":{"start":{"line":156,"column":17},"end":{"line":156,"column":67}},"36":{"start":{"line":158,"column":15},"end":{"line":158,"column":71}},"37":{"start":{"line":160,"column":15},"end":{"line":160,"column":31}},"38":{"start":{"line":162,"column":4},"end":{"line":201,"column":5}},"39":{"start":{"line":163,"column":99},"end":{"line":163,"column":100}},"40":{"start":{"line":165,"column":17},"end":{"line":167,"column":6}},"41":{"start":{"line":169,"column":16},"end":{"line":171,"column":6}},"42":{"start":{"line":173,"column":19},"end":{"line":173,"column":34}},"43":{"start":{"line":175,"column":19},"end":{"line":175,"column":34}},"44":{"start":{"line":178,"column":20},"end":{"line":181,"column":6}},"45":{"start":{"line":182,"column":24},"end":{"line":182,"column":29}},"46":{"start":{"line":184,"column":21},"end":{"line":184,"column":51}},"47":{"start":{"line":185,"column":5},"end":{"line":187,"column":7}},"48":{"start":{"line":186,"column":6},"end":{"line":186,"column":66}},"49":{"start":{"line":186,"column":47},"end":{"line":186,"column":66}},"50":{"start":{"line":189,"column":15},"end":{"line":198,"column":6}},"51":{"start":{"line":200,"column":5},"end":{"line":200,"column":28}},"52":{"start":{"line":204,"column":3},"end":{"line":204,"column":23}},"53":{"start":{"line":214,"column":18},"end":{"line":214,"column":43}},"54":{"start":{"line":215,"column":14},"end":{"line":215,"column":16}},"55":{"start":{"line":217,"column":3},"end":{"line":217,"column":98}},"56":{"start":{"line":217,"column":34},"end":{"line":217,"column":98}},"57":{"start":{"line":219,"column":22},"end":{"line":219,"column":105}},"58":{"start":{"line":220,"column":13},"end":{"line":220,"column":37}},"59":{"start":{"line":221,"column":3},"end":{"line":259,"column":5}},"60":{"start":{"line":222,"column":16},"end":{"line":229,"column":5}},"61":{"start":{"line":230,"column":4},"end":{"line":256,"column":6}},"62":{"start":{"line":231,"column":19},"end":{"line":231,"column":50}},"63":{"start":{"line":232,"column":17},"end":{"line":232,"column":52}},"64":{"start":{"line":234,"column":5},"end":{"line":234,"column":46}},"65":{"start":{"line":234,"column":24},"end":{"line":234,"column":46}},"66":{"start":{"line":236,"column":5},"end":{"line":241,"column":6}},"67":{"start":{"line":237,"column":30},"end":{"line":237,"column":52}},"68":{"start":{"line":238,"column":6},"end":{"line":238,"column":41}},"69":{"start":{"line":239,"column":6},"end":{"line":239,"column":43}},"70":{"start":{"line":239,"column":37},"end":{"line":239,"column":43}},"71":{"start":{"line":240,"column":6},"end":{"line":240,"column":37}},"72":{"start":{"line":243,"column":5},"end":{"line":255,"column":6}},"73":{"start":{"line":244,"column":6},"end":{"line":254,"column":7}},"74":{"start":{"line":246,"column":8},"end":{"line":246,"column":27}},"75":{"start":{"line":247,"column":8},"end":{"line":247,"column":13}},"76":{"start":{"line":249,"column":8},"end":{"line":249,"column":37}},"77":{"start":{"line":250,"column":8},"end":{"line":250,"column":13}},"78":{"start":{"line":252,"column":8},"end":{"line":252,"column":62}},"79":{"start":{"line":253,"column":8},"end":{"line":253,"column":13}},"80":{"start":{"line":258,"column":4},"end":{"line":258,"column":20}},"81":{"start":{"line":261,"column":3},"end":{"line":261,"column":14}},"82":{"start":{"line":280,"column":5},"end":{"line":290,"column":13}},"83":{"start":{"line":303,"column":14},"end":{"line":303,"column":134}},"84":{"start":{"line":305,"column":13},"end":{"line":305,"column":15}},"85":{"start":{"line":307,"column":12},"end":{"line":307,"column":31}},"86":{"start":{"line":308,"column":2},"end":{"line":409,"column":4}},"87":{"start":{"line":309,"column":15},"end":{"line":309,"column":34}},"88":{"start":{"line":310,"column":15},"end":{"line":310,"column":17}},"89":{"start":{"line":311,"column":3},"end":{"line":406,"column":5}},"90":{"start":{"line":312,"column":15},"end":{"line":312,"column":84}},"91":{"start":{"line":313,"column":18},"end":{"line":313,"column":41}},"92":{"start":{"line":314,"column":16},"end":{"line":314,"column":37}},"93":{"start":{"line":315,"column":19},"end":{"line":315,"column":43}},"94":{"start":{"line":317,"column":20},"end":{"line":330,"column":5}},"95":{"start":{"line":332,"column":4},"end":{"line":336,"column":5}},"96":{"start":{"line":333,"column":5},"end":{"line":333,"column":46}},"97":{"start":{"line":335,"column":5},"end":{"line":335,"column":68}},"98":{"start":{"line":338,"column":4},"end":{"line":342,"column":5}},"99":{"start":{"line":339,"column":5},"end":{"line":339,"column":42}},"100":{"start":{"line":341,"column":5},"end":{"line":341,"column":55}},"101":{"start":{"line":344,"column":4},"end":{"line":346,"column":5}},"102":{"start":{"line":345,"column":5},"end":{"line":345,"column":28}},"103":{"start":{"line":348,"column":4},"end":{"line":395,"column":5}},"104":{"start":{"line":349,"column":17},"end":{"line":349,"column":83}},"105":{"start":{"line":350,"column":19},"end":{"line":350,"column":66}},"106":{"start":{"line":352,"column":22},"end":{"line":352,"column":24}},"107":{"start":{"line":353,"column":20},"end":{"line":353,"column":22}},"108":{"start":{"line":354,"column":19},"end":{"line":354,"column":21}},"109":{"start":{"line":355,"column":23},"end":{"line":355,"column":25}},"110":{"start":{"line":357,"column":5},"end":{"line":377,"column":6}},"111":{"start":{"line":358,"column":6},"end":{"line":358,"column":21}},"112":{"start":{"line":359,"column":6},"end":{"line":359,"column":18}},"113":{"start":{"line":361,"column":20},"end":{"line":361,"column":41}},"114":{"start":{"line":362,"column":20},"end":{"line":362,"column":66}},"115":{"start":{"line":363,"column":6},"end":{"line":363,"column":53}},"116":{"start":{"line":364,"column":6},"end":{"line":364,"column":26}},"117":{"start":{"line":366,"column":6},"end":{"line":376,"column":7}},"118":{"start":{"line":367,"column":7},"end":{"line":367,"column":69}},"119":{"start":{"line":369,"column":22},"end":{"line":369,"column":95}},"120":{"start":{"line":371,"column":27},"end":{"line":371,"column":49}},"121":{"start":{"line":372,"column":27},"end":{"line":372,"column":91}},"122":{"start":{"line":374,"column":7},"end":{"line":374,"column":60}},"123":{"start":{"line":375,"column":7},"end":{"line":375,"column":59}},"124":{"start":{"line":379,"column":5},"end":{"line":384,"column":7}},"125":{"start":{"line":380,"column":6},"end":{"line":383,"column":8}},"126":{"start":{"line":386,"column":5},"end":{"line":394,"column":6}},"127":{"start":{"line":397,"column":14},"end":{"line":403,"column":5}},"128":{"start":{"line":405,"column":4},"end":{"line":405,"column":19}},"129":{"start":{"line":408,"column":3},"end":{"line":408,"column":19}},"130":{"start":{"line":411,"column":2},"end":{"line":411,"column":13}},"131":{"start":{"line":415,"column":0},"end":{"line":415,"column":30}}},"fnMap":{"0":{"name":"(anonymous_0)","decl":{"start":{"line":14,"column":19},"end":{"line":14,"column":20}},"loc":{"start":{"line":14,"column":29},"end":{"line":20,"column":1}},"line":14},"1":{"name":"(anonymous_1)","decl":{"start":{"line":33,"column":1},"end":{"line":33,"column":2}},"loc":{"start":{"line":33,"column":33},"end":{"line":42,"column":2}},"line":33},"2":{"name":"(anonymous_2)","decl":{"start":{"line":50,"column":1},"end":{"line":50,"column":2}},"loc":{"start":{"line":50,"column":37},"end":{"line":84,"column":2}},"line":50},"3":{"name":"(anonymous_3)","decl":{"start":{"line":66,"column":19},"end":{"line":66,"column":20}},"loc":{"start":{"line":66,"column":29},"end":{"line":68,"column":4}},"line":66},"4":{"name":"(anonymous_4)","decl":{"start":{"line":77,"column":29},"end":{"line":77,"column":30}},"loc":{"start":{"line":77,"column":35},"end":{"line":81,"column":3}},"line":77},"5":{"name":"(anonymous_5)","decl":{"start":{"line":95,"column":10},"end":{"line":95,"column":11}},"loc":{"start":{"line":95,"column":22},"end":{"line":97,"column":3}},"line":95},"6":{"name":"(anonymous_6)","decl":{"start":{"line":105,"column":7},"end":{"line":105,"column":8}},"loc":{"start":{"line":105,"column":22},"end":{"line":125,"column":3}},"line":105},"7":{"name":"(anonymous_7)","decl":{"start":{"line":132,"column":10},"end":{"line":132,"column":11}},"loc":{"start":{"line":132,"column":22},"end":{"line":136,"column":3}},"line":132},"8":{"name":"(anonymous_8)","decl":{"start":{"line":148,"column":11},"end":{"line":148,"column":12}},"loc":{"start":{"line":148,"column":23},"end":{"line":205,"column":3}},"line":148},"9":{"name":"(anonymous_9)","decl":{"start":{"line":155,"column":39},"end":{"line":155,"column":40}},"loc":{"start":{"line":155,"column":58},"end":{"line":202,"column":4}},"line":155},"10":{"name":"(anonymous_10)","decl":{"start":{"line":185,"column":51},"end":{"line":185,"column":52}},"loc":{"start":{"line":185,"column":80},"end":{"line":187,"column":6}},"line":185},"11":{"name":"(anonymous_11)","decl":{"start":{"line":213,"column":13},"end":{"line":213,"column":14}},"loc":{"start":{"line":213,"column":25},"end":{"line":262,"column":3}},"line":213},"12":{"name":"(anonymous_12)","decl":{"start":{"line":221,"column":48},"end":{"line":221,"column":49}},"loc":{"start":{"line":221,"column":67},"end":{"line":259,"column":4}},"line":221},"13":{"name":"(anonymous_13)","decl":{"start":{"line":230,"column":47},"end":{"line":230,"column":48}},"loc":{"start":{"line":230,"column":68},"end":{"line":256,"column":5}},"line":230},"14":{"name":"(anonymous_14)","decl":{"start":{"line":279,"column":14},"end":{"line":279,"column":15}},"loc":{"start":{"line":279,"column":50},"end":{"line":291,"column":5}},"line":279},"15":{"name":"(anonymous_15)","decl":{"start":{"line":302,"column":1},"end":{"line":302,"column":2}},"loc":{"start":{"line":302,"column":30},"end":{"line":412,"column":2}},"line":302},"16":{"name":"(anonymous_16)","decl":{"start":{"line":308,"column":35},"end":{"line":308,"column":36}},"loc":{"start":{"line":308,"column":54},"end":{"line":409,"column":3}},"line":308},"17":{"name":"(anonymous_17)","decl":{"start":{"line":311,"column":25},"end":{"line":311,"column":26}},"loc":{"start":{"line":311,"column":45},"end":{"line":406,"column":4}},"line":311},"18":{"name":"(anonymous_18)","decl":{"start":{"line":379,"column":29},"end":{"line":379,"column":30}},"loc":{"start":{"line":379,"column":68},"end":{"line":384,"column":6}},"line":379}},"branchMap":{"0":{"loc":{"start":{"line":34,"column":2},"end":{"line":36,"column":3}},"type":"if","locations":[{"start":{"line":34,"column":2},"end":{"line":36,"column":3}},{"start":{},"end":{}}],"line":34},"1":{"loc":{"start":{"line":34,"column":6},"end":{"line":34,"column":28}},"type":"binary-expr","locations":[{"start":{"line":34,"column":6},"end":{"line":34,"column":15}},{"start":{"line":34,"column":19},"end":{"line":34,"column":28}}],"line":34},"2":{"loc":{"start":{"line":50,"column":18},"end":{"line":50,"column":35}},"type":"default-arg","locations":[{"start":{"line":50,"column":30},"end":{"line":50,"column":35}}],"line":50},"3":{"loc":{"start":{"line":77,"column":2},"end":{"line":81,"column":10}},"type":"if","locations":[{"start":{"line":77,"column":2},"end":{"line":81,"column":10}},{"start":{},"end":{}}],"line":77},"4":{"loc":{"start":{"line":186,"column":6},"end":{"line":186,"column":66}},"type":"if","locations":[{"start":{"line":186,"column":6},"end":{"line":186,"column":66}},{"start":{},"end":{}}],"line":186},"5":{"loc":{"start":{"line":217,"column":3},"end":{"line":217,"column":98}},"type":"if","locations":[{"start":{"line":217,"column":3},"end":{"line":217,"column":98}},{"start":{},"end":{}}],"line":217},"6":{"loc":{"start":{"line":234,"column":5},"end":{"line":234,"column":46}},"type":"if","locations":[{"start":{"line":234,"column":5},"end":{"line":234,"column":46}},{"start":{},"end":{}}],"line":234},"7":{"loc":{"start":{"line":236,"column":5},"end":{"line":241,"column":6}},"type":"if","locations":[{"start":{"line":236,"column":5},"end":{"line":241,"column":6}},{"start":{},"end":{}}],"line":236},"8":{"loc":{"start":{"line":239,"column":6},"end":{"line":239,"column":43}},"type":"if","locations":[{"start":{"line":239,"column":6},"end":{"line":239,"column":43}},{"start":{},"end":{}}],"line":239},"9":{"loc":{"start":{"line":243,"column":5},"end":{"line":255,"column":6}},"type":"if","locations":[{"start":{"line":243,"column":5},"end":{"line":255,"column":6}},{"start":{},"end":{}}],"line":243},"10":{"loc":{"start":{"line":244,"column":6},"end":{"line":254,"column":7}},"type":"switch","locations":[{"start":{"line":245,"column":7},"end":{"line":247,"column":13}},{"start":{"line":248,"column":7},"end":{"line":250,"column":13}},{"start":{"line":251,"column":7},"end":{"line":253,"column":13}}],"line":244},"11":{"loc":{"start":{"line":302,"column":19},"end":{"line":302,"column":28}},"type":"default-arg","locations":[{"start":{"line":302,"column":26},"end":{"line":302,"column":28}}],"line":302},"12":{"loc":{"start":{"line":303,"column":65},"end":{"line":303,"column":98}},"type":"cond-expr","locations":[{"start":{"line":303,"column":78},"end":{"line":303,"column":80}},{"start":{"line":303,"column":83},"end":{"line":303,"column":98}}],"line":303},"13":{"loc":{"start":{"line":332,"column":4},"end":{"line":336,"column":5}},"type":"if","locations":[{"start":{"line":332,"column":4},"end":{"line":336,"column":5}},{"start":{"line":334,"column":11},"end":{"line":336,"column":5}}],"line":332},"14":{"loc":{"start":{"line":338,"column":4},"end":{"line":342,"column":5}},"type":"if","locations":[{"start":{"line":338,"column":4},"end":{"line":342,"column":5}},{"start":{"line":340,"column":11},"end":{"line":342,"column":5}}],"line":338},"15":{"loc":{"start":{"line":344,"column":4},"end":{"line":346,"column":5}},"type":"if","locations":[{"start":{"line":344,"column":4},"end":{"line":346,"column":5}},{"start":{},"end":{}}],"line":344},"16":{"loc":{"start":{"line":348,"column":4},"end":{"line":395,"column":5}},"type":"if","locations":[{"start":{"line":348,"column":4},"end":{"line":395,"column":5}},{"start":{},"end":{}}],"line":348},"17":{"loc":{"start":{"line":357,"column":5},"end":{"line":377,"column":6}},"type":"if","locations":[{"start":{"line":357,"column":5},"end":{"line":377,"column":6}},{"start":{"line":360,"column":12},"end":{"line":377,"column":6}}],"line":357},"18":{"loc":{"start":{"line":366,"column":6},"end":{"line":376,"column":7}},"type":"if","locations":[{"start":{"line":366,"column":6},"end":{"line":376,"column":7}},{"start":{},"end":{}}],"line":366}},"s":{"0":1,"1":1,"2":1,"3":1,"4":1,"5":729,"6":295,"7":729,"8":7,"9":0,"10":7,"11":7,"12":7,"13":7,"14":7,"15":7,"16":0,"17":0,"18":7,"19":7,"20":3,"21":2,"22":2,"23":2,"24":729,"25":729,"26":2,"27":1,"28":1,"29":7,"30":2,"31":2,"32":2,"33":2,"34":2,"35":2,"36":2,"37":2,"38":2,"39":2,"40":2,"41":2,"42":2,"43":2,"44":2,"45":2,"46":2,"47":2,"48":2,"49":2,"50":2,"51":2,"52":2,"53":1,"54":1,"55":1,"56":0,"57":1,"58":1,"59":1,"60":19,"61":19,"62":57,"63":57,"64":57,"65":19,"66":57,"67":19,"68":19,"69":19,"70":13,"71":6,"72":44,"73":19,"74":11,"75":11,"76":8,"77":8,"78":0,"79":0,"80":19,"81":1,"82":0,"83":1,"84":1,"85":1,"86":1,"87":5,"88":5,"89":5,"90":37,"91":37,"92":37,"93":37,"94":37,"95":37,"96":20,"97":17,"98":37,"99":37,"100":0,"101":37,"102":2,"103":37,"104":5,"105":5,"106":5,"107":5,"108":5,"109":5,"110":5,"111":0,"112":0,"113":5,"114":5,"115":5,"116":5,"117":5,"118":3,"119":3,"120":3,"121":3,"122":3,"123":3,"124":5,"125":0,"126":5,"127":37,"128":37,"129":5,"130":1,"131":1},"f":{"0":729,"1":7,"2":7,"3":7,"4":0,"5":3,"6":2,"7":1,"8":2,"9":2,"10":2,"11":1,"12":19,"13":57,"14":0,"15":1,"16":5,"17":37,"18":0},"b":{"0":[0,7],"1":[7,7],"2":[7],"3":[0,7],"4":[2,0],"5":[0,1],"6":[19,38],"7":[19,38],"8":[13,6],"9":[19,25],"10":[11,8,0],"11":[1],"12":[1,0],"13":[20,17],"14":[37,0],"15":[2,35],"16":[5,32],"17":[0,5],"18":[3,2]},"_coverageSchema":"1a1c01bbd47fc00a2c39e90264f33305004495a9","hash":"8e88dc0ca12ed6d65f6f2a58caac56690524dcd8"}
}
