TN:
SF:index.js
FN:14,(anonymous_0)
FN:33,(anonymous_1)
FN:50,(anonymous_2)
FN:66,(anonymous_3)
FN:77,(anonymous_4)
FN:95,(anonymous_5)
FN:105,(anonymous_6)
FN:132,(anonymous_7)
FN:148,(anonymous_8)
FN:155,(anonymous_9)
FN:185,(anonymous_10)
FN:213,(anonymous_11)
FN:221,(anonymous_12)
FN:230,(anonymous_13)
FN:279,(anonymous_14)
FN:302,(anonymous_15)
FN:308,(anonymous_16)
FN:311,(anonymous_17)
FN:379,(anonymous_18)
FNF:19
FNH:16
FNDA:729,(anonymous_0)
FNDA:7,(anonymous_1)
FNDA:7,(anonymous_2)
FNDA:7,(anonymous_3)
FNDA:0,(anonymous_4)
FNDA:3,(anonymous_5)
FNDA:2,(anonymous_6)
FNDA:1,(anonymous_7)
FNDA:2,(anonymous_8)
FNDA:2,(anonymous_9)
FNDA:2,(anonymous_10)
FNDA:1,(anonymous_11)
FNDA:19,(anonymous_12)
FNDA:57,(anonymous_13)
FNDA:0,(anonymous_14)
FNDA:1,(anonymous_15)
FNDA:5,(anonymous_16)
FNDA:37,(anonymous_17)
FNDA:0,(anonymous_18)
DA:1,1
DA:2,1
DA:4,1
DA:9,1
DA:14,1
DA:15,729
DA:16,295
DA:19,729
DA:34,7
DA:35,0
DA:38,7
DA:51,7
DA:67,7
DA:71,7
DA:73,7
DA:77,7
DA:78,0
DA:83,7
DA:89,7
DA:96,3
DA:106,2
DA:116,2
DA:118,2
DA:119,729
DA:121,729
DA:124,2
DA:133,1
DA:135,1
DA:142,7
DA:149,2
DA:151,2
DA:152,2
DA:154,2
DA:155,2
DA:156,2
DA:158,2
DA:160,2
DA:162,2
DA:163,2
DA:165,2
DA:169,2
DA:173,2
DA:175,2
DA:178,2
DA:182,2
DA:184,2
DA:185,2
DA:186,2
DA:189,2
DA:200,2
DA:204,2
DA:214,1
DA:215,1
DA:217,1
DA:219,1
DA:220,1
DA:221,1
DA:222,19
DA:230,19
DA:231,57
DA:232,57
DA:234,57
DA:236,57
DA:237,19
DA:238,19
DA:239,19
DA:240,6
DA:243,44
DA:244,19
DA:246,11
DA:247,11
DA:249,8
DA:250,8
DA:252,0
DA:253,0
DA:258,19
DA:261,1
DA:280,0
DA:303,1
DA:305,1
DA:307,1
DA:308,1
DA:309,5
DA:310,5
DA:311,5
DA:312,37
DA:313,37
DA:314,37
DA:315,37
DA:317,37
DA:332,37
DA:333,20
DA:335,17
DA:338,37
DA:339,37
DA:341,0
DA:344,37
DA:345,2
DA:348,37
DA:349,5
DA:350,5
DA:352,5
DA:353,5
DA:354,5
DA:355,5
DA:357,5
DA:358,0
DA:359,0
DA:361,5
DA:362,5
DA:363,5
DA:364,5
DA:366,5
DA:367,3
DA:369,3
DA:371,3
DA:372,3
DA:374,3
DA:375,3
DA:379,5
DA:380,0
DA:386,5
DA:397,37
DA:405,37
DA:408,5
DA:411,1
DA:415,1
LF:127
LH:118
BRDA:34,0,0,0
BRDA:34,0,1,7
BRDA:34,1,0,7
BRDA:34,1,1,7
BRDA:50,2,0,7
BRDA:77,3,0,0
BRDA:77,3,1,7
BRDA:186,4,0,2
BRDA:186,4,1,0
BRDA:217,5,0,0
BRDA:217,5,1,1
BRDA:234,6,0,19
BRDA:234,6,1,38
BRDA:236,7,0,19
BRDA:236,7,1,38
BRDA:239,8,0,13
BRDA:239,8,1,6
BRDA:243,9,0,19
BRDA:243,9,1,25
BRDA:244,10,0,11
BRDA:244,10,1,8
BRDA:244,10,2,0
BRDA:302,11,0,1
BRDA:303,12,0,1
BRDA:303,12,1,0
BRDA:332,13,0,20
BRDA:332,13,1,17
BRDA:338,14,0,37
BRDA:338,14,1,0
BRDA:344,15,0,2
BRDA:344,15,1,35
BRDA:348,16,0,5
BRDA:348,16,1,32
BRDA:357,17,0,0
BRDA:357,17,1,5
BRDA:366,18,0,3
BRDA:366,18,1,2
BRF:37
BRH:29
end_of_record
